mode: set
github.com/EMME-ESSE/awesome-api/main.go:13.13,15.44 2 0
github.com/EMME-ESSE/awesome-api/main.go:15.44,17.4 1 0
github.com/EMME-ESSE/awesome-api/main.go:18.3,21.58 2 0
github.com/EMME-ESSE/awesome-api/main.go:24.32,32.2 3 1
github.com/EMME-ESSE/awesome-api/main.go:34.65,42.2 2 1
github.com/EMME-ESSE/awesome-api/main.go:43.59,51.26 4 0
github.com/EMME-ESSE/awesome-api/main.go:52.10,54.14 1 0
github.com/EMME-ESSE/awesome-api/main.go:55.10,57.25 1 0
github.com/EMME-ESSE/awesome-api/main.go:58.11,60.41 1 0
github.com/EMME-ESSE/awesome-api/main.go:64.3,64.17 1 0
github.com/EMME-ESSE/awesome-api/main.go:64.17,66.4 1 0
github.com/EMME-ESSE/awesome-api/main.go:69.3,72.57 2 0
